<?xml version="1.0" encoding="UTF-8" ?>
<testsuite errors="0" failures="0" hostname="Chansuk-ui-MacBook-Pro.local" name="com.huewu.alarme.model.AlarmInfoTest" tests="1" time="0.551" timestamp="2012-09-18T07:12:34">
  <properties>
[...]
</properties>
  <testcase classname="com.huewu.alarme.model.AlarmInfoTest" name="testConstructor" time="0.503" />
  <system-out><![CDATA[Warning: an error occurred while binding shadow class: ShadowNdefMessage
Warning: an error occurred while binding shadow class: ShadowNdefRecord
Warning: an error occurred while binding shadow class: ShadowNfcAdapter
WARNING: Unable to find path to Android SDK
]]></system-out>
  <system-err><![CDATA[]]></system-err>
</testsuite>
